<?xml version="1.0" encoding="UTF-8"?>
<coverage generated="1417456350778" clover="3.2.0">
	<project timestamp="1417456350778"  name="All Files" >
		<metrics statements="870"  coveredstatements="551"  conditionals="375"  coveredconditionals="215"  methods="151"  coveredmethods="71"  elements="1396"  coveredelements="837"  complexity="0"  packages="3"  files="4"  classes="4"  loc="2376"  ncloc="2376" />
		<package name="src" >
			<metrics statements="159"  coveredstatements="60"  conditionals="63"  coveredconditionals="16"  methods="43"  coveredmethods="10" />
			<file name="TestRunner.js"  path="/Users/james/dev/jest/src/TestRunner.js" >
				<metrics statements="159"  coveredstatements="60"  conditionals="63"  coveredconditionals="16"  methods="43"  coveredmethods="10" />
				<line num="10"  count="10"  type="stmt" />
				<line num="11"  count="10"  type="stmt" />
				<line num="12"  count="10"  type="stmt" />
				<line num="13"  count="10"  type="stmt" />
				<line num="14"  count="10"  type="stmt" />
				<line num="15"  count="10"  type="stmt" />
				<line num="16"  count="10"  type="stmt" />
				<line num="17"  count="10"  type="stmt" />
				<line num="19"  count="10"  type="stmt" />
				<line num="21"  count="10"  type="stmt" />
				<line num="55"  count="20"  type="stmt" />
				<line num="59"  count="10"  type="stmt" />
				<line num="69"  count="1"  type="stmt" />
				<line num="70"  count="10"  type="stmt" />
				<line num="71"  count="10"  type="stmt" />
				<line num="72"  count="10"  type="stmt" />
				<line num="73"  count="10"  type="stmt" />
				<line num="76"  count="0"  type="stmt" />
				<line num="81"  count="10"  type="stmt" />
				<line num="85"  count="10"  type="stmt" />
				<line num="90"  count="10"  type="stmt" />
				<line num="91"  count="10"  type="cond"  truecount="1"  falsecount="1" />
				<line num="92"  count="0"  type="stmt" />
				<line num="93"  count="0"  type="stmt" />
				<line num="98"  count="10"  type="stmt" />
				<line num="99"  count="0"  type="cond"  truecount="0"  falsecount="2" />
				<line num="100"  count="0"  type="stmt" />
				<line num="101"  count="0"  type="stmt" />
				<line num="102"  count="0"  type="stmt" />
				<line num="106"  count="10"  type="stmt" />
				<line num="107"  count="0"  type="stmt" />
				<line num="108"  count="0"  type="cond"  truecount="0"  falsecount="2" />
				<line num="109"  count="0"  type="cond"  truecount="0"  falsecount="2" />
				<line num="110"  count="0"  type="stmt" />
				<line num="113"  count="0"  type="stmt" />
				<line num="117"  count="0"  type="stmt" />
				<line num="120"  count="10"  type="stmt" />
				<line num="121"  count="22"  type="stmt" />
				<line num="122"  count="22"  type="stmt" />
				<line num="127"  count="22"  type="stmt" />
				<line num="135"  count="10"  type="stmt" />
				<line num="136"  count="0"  type="stmt" />
				<line num="137"  count="0"  type="cond"  truecount="0"  falsecount="2" />
				<line num="138"  count="0"  type="stmt" />
				<line num="144"  count="0"  type="stmt" />
				<line num="156"  count="10"  type="stmt" />
				<line num="157"  count="6"  type="stmt" />
				<line num="159"  count="6"  type="cond"  truecount="1"  falsecount="1" />
				<line num="160"  count="0"  type="stmt" />
				<line num="161"  count="0"  type="stmt" />
				<line num="163"  count="6"  type="stmt" />
				<line num="167"  count="6"  type="stmt" />
				<line num="171"  count="6"  type="stmt" />
				<line num="172"  count="6"  type="stmt" />
				<line num="173"  count="6"  type="stmt" />
				<line num="180"  count="6"  type="stmt" />
				<line num="181"  count="6"  type="stmt" />
				<line num="182"  count="6"  type="cond"  truecount="2"  falsecount="2" />
				<line num="183"  count="0"  type="stmt" />
				<line num="187"  count="6"  type="stmt" />
				<line num="188"  count="6"  type="stmt" />
				<line num="189"  count="18"  type="stmt" />
				<line num="190"  count="18"  type="stmt" />
				<line num="193"  count="18"  type="stmt" />
				<line num="194"  count="13"  type="cond"  truecount="2"  falsecount="0" />
				<line num="195"  count="12"  type="stmt" />
				<line num="196"  count="12"  type="stmt" />
				<line num="197"  count="12"  type="cond"  truecount="4"  falsecount="0" />
				<line num="198"  count="6"  type="stmt" />
				<line num="204"  count="6"  type="stmt" />
				<line num="207"  count="6"  type="stmt" />
				<line num="226"  count="10"  type="stmt" />
				<line num="227"  count="0"  type="stmt" />
				<line num="229"  count="0"  type="cond"  truecount="0"  falsecount="2" />
				<line num="230"  count="0"  type="stmt" />
				<line num="231"  count="0"  type="stmt" />
				<line num="233"  count="0"  type="stmt" />
				<line num="237"  count="0"  type="stmt" />
				<line num="241"  count="0"  type="stmt" />
				<line num="242"  count="0"  type="stmt" />
				<line num="243"  count="0"  type="stmt" />
				<line num="246"  count="0"  type="cond"  truecount="0"  falsecount="2" />
				<line num="247"  count="0"  type="stmt" />
				<line num="250"  count="0"  type="stmt" />
				<line num="251"  count="0"  type="cond"  truecount="0"  falsecount="2" />
				<line num="255"  count="0"  type="stmt" />
				<line num="258"  count="0"  type="stmt" />
				<line num="262"  count="0"  type="stmt" />
				<line num="286"  count="10"  type="stmt" />
				<line num="287"  count="0"  type="stmt" />
				<line num="290"  count="10"  type="stmt" />
				<line num="291"  count="0"  type="stmt" />
				<line num="301"  count="10"  type="stmt" />
				<line num="305"  count="0"  type="stmt" />
				<line num="306"  count="0"  type="stmt" />
				<line num="308"  count="0"  type="stmt" />
				<line num="309"  count="0"  type="stmt" />
				<line num="313"  count="0"  type="stmt" />
				<line num="314"  count="0"  type="stmt" />
				<line num="316"  count="0"  type="stmt" />
				<line num="329"  count="0"  type="cond"  truecount="0"  falsecount="4" />
				<line num="330"  count="0"  type="stmt" />
				<line num="331"  count="0"  type="stmt" />
				<line num="334"  count="0"  type="stmt" />
				<line num="336"  count="0"  type="stmt" />
				<line num="340"  count="0"  type="cond"  truecount="0"  falsecount="2" />
				<line num="341"  count="0"  type="stmt" />
				<line num="356"  count="0"  type="stmt" />
				<line num="357"  count="0"  type="stmt" />
				<line num="359"  count="0"  type="stmt" />
				<line num="361"  count="0"  type="stmt" />
				<line num="362"  count="0"  type="stmt" />
				<line num="363"  count="0"  type="stmt" />
				<line num="364"  count="0"  type="stmt" />
				<line num="369"  count="0"  type="stmt" />
				<line num="372"  count="0"  type="stmt" />
				<line num="384"  count="10"  type="stmt" />
				<line num="385"  count="0"  type="cond"  truecount="0"  falsecount="2" />
				<line num="386"  count="0"  type="stmt" />
				<line num="388"  count="0"  type="stmt" />
				<line num="390"  count="0"  type="stmt" />
				<line num="398"  count="0"  type="cond"  truecount="0"  falsecount="2" />
				<line num="400"  count="0"  type="stmt" />
				<line num="401"  count="0"  type="cond"  truecount="0"  falsecount="2" />
				<line num="402"  count="0"  type="stmt" />
				<line num="404"  count="0"  type="stmt" />
				<line num="406"  count="0"  type="cond"  truecount="0"  falsecount="2" />
				<line num="413"  count="0"  type="stmt" />
				<line num="414"  count="0"  type="stmt" />
				<line num="415"  count="0"  type="cond"  truecount="0"  falsecount="2" />
				<line num="424"  count="0"  type="stmt" />
				<line num="426"  count="0"  type="stmt" />
				<line num="427"  count="0"  type="stmt" />
				<line num="428"  count="0"  type="cond"  truecount="0"  falsecount="2" />
				<line num="429"  count="0"  type="stmt" />
				<line num="433"  count="10"  type="stmt" />
				<line num="436"  count="0"  type="cond"  truecount="0"  falsecount="2" />
				<line num="437"  count="0"  type="stmt" />
				<line num="439"  count="0"  type="stmt" />
				<line num="443"  count="10"  type="stmt" />
				<line num="446"  count="0"  type="stmt" />
				<line num="447"  count="0"  type="stmt" />
				<line num="448"  count="0"  type="stmt" />
				<line num="450"  count="0"  type="stmt" />
				<line num="453"  count="0"  type="stmt" />
				<line num="456"  count="0"  type="stmt" />
				<line num="459"  count="10"  type="stmt" />
				<line num="462"  count="0"  type="stmt" />
				<line num="472"  count="0"  type="stmt" />
				<line num="475"  count="0"  type="stmt" />
				<line num="480"  count="0"  type="stmt" />
				<line num="481"  count="0"  type="stmt" />
				<line num="483"  count="0"  type="stmt" />
				<line num="486"  count="0"  type="stmt" />
				<line num="505"  count="0"  type="cond"  truecount="0"  falsecount="4" />
				<line num="507"  count="0"  type="stmt" />
				<line num="511"  count="0"  type="stmt" />
				<line num="517"  count="0"  type="stmt" />
				<line num="521"  count="10"  type="stmt" />
			</file>
		</package>
		<package name="src.HasteModuleLoader" >
			<metrics statements="415"  coveredstatements="257"  conditionals="203"  coveredconditionals="114"  methods="64"  coveredmethods="29" />
			<file name="HasteModuleLoader.js"  path="/Users/james/dev/jest/src/HasteModuleLoader/HasteModuleLoader.js" >
				<metrics statements="415"  coveredstatements="257"  conditionals="203"  coveredconditionals="114"  methods="64"  coveredmethods="29" />
				<line num="18"  count="34"  type="stmt" />
				<line num="19"  count="34"  type="stmt" />
				<line num="20"  count="34"  type="stmt" />
				<line num="21"  count="34"  type="stmt" />
				<line num="22"  count="34"  type="stmt" />
				<line num="23"  count="34"  type="stmt" />
				<line num="24"  count="34"  type="stmt" />
				<line num="25"  count="34"  type="stmt" />
				<line num="26"  count="34"  type="stmt" />
				<line num="27"  count="34"  type="stmt" />
				<line num="28"  count="34"  type="stmt" />
				<line num="29"  count="34"  type="stmt" />
				<line num="31"  count="34"  type="stmt" />
				<line num="32"  count="34"  type="stmt" />
				<line num="33"  count="34"  type="stmt" />
				<line num="35"  count="34"  type="stmt" />
				<line num="72"  count="34"  type="stmt" />
				<line num="74"  count="5"  type="stmt" />
				<line num="75"  count="4"  type="stmt" />
				<line num="84"  count="5"  type="stmt" />
				<line num="85"  count="4"  type="stmt" />
				<line num="91"  count="4"  type="cond"  truecount="1"  falsecount="1" />
				<line num="92"  count="0"  type="stmt" />
				<line num="95"  count="4"  type="stmt" />
				<line num="100"  count="40"  type="stmt" />
				<line num="110"  count="5"  type="stmt" />
				<line num="111"  count="4"  type="stmt" />
				<line num="114"  count="5"  type="stmt" />
				<line num="115"  count="34"  type="stmt" />
				<line num="116"  count="34"  type="stmt" />
				<line num="117"  count="34"  type="stmt" />
				<line num="118"  count="34"  type="stmt" />
				<line num="119"  count="34"  type="stmt" />
				<line num="120"  count="34"  type="stmt" />
				<line num="121"  count="34"  type="stmt" />
				<line num="122"  count="34"  type="stmt" />
				<line num="123"  count="34"  type="stmt" />
				<line num="124"  count="34"  type="stmt" />
				<line num="125"  count="34"  type="stmt" />
				<line num="126"  count="34"  type="stmt" />
				<line num="127"  count="34"  type="stmt" />
				<line num="129"  count="34"  type="cond"  truecount="1"  falsecount="1" />
				<line num="132"  count="34"  type="cond"  truecount="1"  falsecount="1" />
				<line num="133"  count="0"  type="stmt" />
				<line num="136"  count="34"  type="stmt" />
				<line num="139"  count="34"  type="cond"  truecount="2"  falsecount="2" />
				<line num="141"  count="34"  type="stmt" />
				<line num="143"  count="0"  type="stmt" />
				<line num="144"  count="0"  type="cond"  truecount="0"  falsecount="2" />
				<line num="145"  count="0"  type="stmt" />
				<line num="147"  count="0"  type="stmt" />
				<line num="149"  count="0"  type="stmt" />
				<line num="153"  count="34"  type="stmt" />
				<line num="156"  count="34"  type="stmt" />
				<line num="157"  count="4"  type="cond"  truecount="2"  falsecount="0" />
				<line num="159"  count="4"  type="stmt" />
				<line num="160"  count="4"  type="stmt" />
				<line num="161"  count="4"  type="stmt" />
				<line num="164"  count="4"  type="stmt" />
				<line num="168"  count="0"  type="stmt" />
				<line num="171"  count="4"  type="stmt" />
				<line num="174"  count="34"  type="stmt" />
				<line num="175"  count="0"  type="cond"  truecount="0"  falsecount="2" />
				<line num="177"  count="0"  type="stmt" />
				<line num="178"  count="0"  type="stmt" />
				<line num="179"  count="0"  type="stmt" />
				<line num="180"  count="0"  type="stmt" />
				<line num="183"  count="0"  type="cond"  truecount="0"  falsecount="2" />
				<line num="184"  count="0"  type="stmt" />
				<line num="186"  count="0"  type="stmt" />
				<line num="191"  count="0"  type="stmt" />
				<line num="194"  count="0"  type="stmt" />
				<line num="205"  count="34"  type="stmt" />
				<line num="206"  count="27"  type="stmt" />
				<line num="207"  count="27"  type="stmt" />
				<line num="209"  count="27"  type="cond"  truecount="1"  falsecount="1" />
				<line num="210"  count="0"  type="stmt" />
				<line num="214"  count="0"  type="stmt" />
				<line num="216"  count="27"  type="stmt" />
				<line num="220"  count="27"  type="stmt" />
				<line num="222"  count="27"  type="stmt" />
				<line num="232"  count="27"  type="stmt" />
				<line num="233"  count="27"  type="stmt" />
				<line num="234"  count="27"  type="cond"  truecount="2"  falsecount="4" />
				<line num="236"  count="0"  type="stmt" />
				<line num="240"  count="27"  type="cond"  truecount="1"  falsecount="1" />
				<line num="241"  count="0"  type="cond"  truecount="0"  falsecount="2" />
				<line num="242"  count="0"  type="stmt" />
				<line num="245"  count="0"  type="stmt" />
				<line num="246"  count="0"  type="stmt" />
				<line num="248"  count="0"  type="stmt" />
				<line num="251"  count="27"  type="stmt" />
				<line num="252"  count="27"  type="stmt" />
				<line num="254"  count="27"  type="stmt" />
				<line num="255"  count="27"  type="stmt" />
				<line num="257"  count="27"  type="stmt" />
				<line num="264"  count="27"  type="stmt" />
				<line num="265"  count="27"  type="stmt" />
				<line num="268"  count="34"  type="stmt" />
				<line num="269"  count="9"  type="stmt" />
				<line num="271"  count="9"  type="cond"  truecount="1"  falsecount="1" />
				<line num="274"  count="9"  type="stmt" />
				<line num="283"  count="9"  type="stmt" />
				<line num="284"  count="9"  type="stmt" />
				<line num="285"  count="9"  type="stmt" />
				<line num="286"  count="9"  type="stmt" />
				<line num="288"  count="9"  type="stmt" />
				<line num="291"  count="9"  type="stmt" />
				<line num="292"  count="9"  type="stmt" />
				<line num="294"  count="9"  type="stmt" />
				<line num="299"  count="9"  type="stmt" />
				<line num="304"  count="34"  type="stmt" />
				<line num="305"  count="0"  type="stmt" />
				<line num="306"  count="0"  type="stmt" />
				<line num="307"  count="0"  type="stmt" />
				<line num="310"  count="0"  type="cond"  truecount="0"  falsecount="2" />
				<line num="311"  count="0"  type="stmt" />
				<line num="315"  count="0"  type="stmt" />
				<line num="316"  count="0"  type="stmt" />
				<line num="318"  count="0"  type="stmt" />
				<line num="322"  count="0"  type="stmt" />
				<line num="325"  count="0"  type="stmt" />
				<line num="327"  count="0"  type="stmt" />
				<line num="330"  count="34"  type="stmt" />
				<line num="331"  count="268"  type="stmt" />
				<line num="334"  count="268"  type="cond"  truecount="6"  falsecount="0" />
				<line num="336"  count="11"  type="stmt" />
				<line num="342"  count="268"  type="stmt" />
				<line num="345"  count="34"  type="stmt" />
				<line num="346"  count="74"  type="stmt" />
				<line num="347"  count="74"  type="stmt" />
				<line num="348"  count="74"  type="stmt" />
				<line num="350"  count="74"  type="cond"  truecount="2"  falsecount="0" />
				<line num="351"  count="15"  type="stmt" />
				<line num="352"  count="15"  type="stmt" />
				<line num="353"  count="59"  type="cond"  truecount="2"  falsecount="0" />
				<line num="354"  count="5"  type="stmt" />
				<line num="355"  count="5"  type="stmt" />
				<line num="357"  count="54"  type="stmt" />
				<line num="362"  count="54"  type="cond"  truecount="5"  falsecount="0" />
				<line num="365"  count="19"  type="stmt" />
				<line num="366"  count="17"  type="cond"  truecount="2"  falsecount="0" />
				<line num="367"  count="1"  type="stmt" />
				<line num="374"  count="16"  type="stmt" />
				<line num="375"  count="16"  type="cond"  truecount="1"  falsecount="1" />
				<line num="376"  count="16"  type="cond"  truecount="2"  falsecount="0" />
				<line num="377"  count="12"  type="stmt" />
				<line num="378"  count="4"  type="cond"  truecount="1"  falsecount="1" />
				<line num="379"  count="0"  type="stmt" />
				<line num="381"  count="16"  type="stmt" />
				<line num="385"  count="51"  type="cond"  truecount="2"  falsecount="0" />
				<line num="386"  count="39"  type="stmt" />
				<line num="387"  count="39"  type="cond"  truecount="2"  falsecount="0" />
				<line num="388"  count="34"  type="stmt" />
				<line num="392"  count="51"  type="cond"  truecount="1"  falsecount="1" />
				<line num="393"  count="51"  type="stmt" />
				<line num="394"  count="51"  type="cond"  truecount="2"  falsecount="0" />
				<line num="395"  count="10"  type="stmt" />
				<line num="400"  count="71"  type="stmt" />
				<line num="403"  count="34"  type="stmt" />
				<line num="404"  count="0"  type="stmt" />
				<line num="421"  count="34"  type="stmt" />
				<line num="422"  count="79"  type="cond"  truecount="2"  falsecount="0" />
				<line num="423"  count="11"  type="stmt" />
				<line num="429"  count="68"  type="cond"  truecount="2"  falsecount="0" />
				<line num="431"  count="35"  type="stmt" />
				<line num="433"  count="35"  type="stmt" />
				<line num="434"  count="35"  type="stmt" />
				<line num="438"  count="35"  type="cond"  truecount="4"  falsecount="0" />
				<line num="440"  count="13"  type="stmt" />
				<line num="443"  count="22"  type="stmt" />
				<line num="444"  count="25"  type="stmt" />
				<line num="445"  count="25"  type="cond"  truecount="4"  falsecount="0" />
				<line num="447"  count="21"  type="stmt" />
				<line num="451"  count="1"  type="cond"  truecount="2"  falsecount="2" />
				<line num="455"  count="0"  type="stmt" />
				<line num="456"  count="0"  type="cond"  truecount="0"  falsecount="2" />
				<line num="457"  count="0"  type="stmt" />
				<line num="458"  count="0"  type="cond"  truecount="0"  falsecount="2" />
				<line num="459"  count="0"  type="stmt" />
				<line num="466"  count="0"  type="stmt" />
				<line num="467"  count="0"  type="stmt" />
				<line num="468"  count="0"  type="stmt" />
				<line num="469"  count="0"  type="cond"  truecount="0"  falsecount="4" />
				<line num="471"  count="0"  type="stmt" />
				<line num="476"  count="33"  type="stmt" />
				<line num="477"  count="33"  type="cond"  truecount="2"  falsecount="0" />
				<line num="478"  count="9"  type="stmt" />
				<line num="483"  count="24"  type="stmt" />
				<line num="487"  count="34"  type="stmt" />
				<line num="489"  count="9"  type="stmt" />
				<line num="490"  count="9"  type="stmt" />
				<line num="491"  count="9"  type="cond"  truecount="1"  falsecount="1" />
				<line num="492"  count="0"  type="stmt" />
				<line num="493"  count="0"  type="stmt" />
				<line num="494"  count="0"  type="stmt" />
				<line num="497"  count="9"  type="stmt" />
				<line num="498"  count="9"  type="stmt" />
				<line num="500"  count="9"  type="stmt" />
				<line num="504"  count="18"  type="stmt" />
				<line num="513"  count="2"  type="stmt" />
				<line num="517"  count="2"  type="cond"  truecount="1"  falsecount="1" />
				<line num="518"  count="2"  type="stmt" />
				<line num="519"  count="2"  type="stmt" />
				<line num="521"  count="2"  type="stmt" />
				<line num="522"  count="0"  type="stmt" />
				<line num="527"  count="2"  type="stmt" />
				<line num="528"  count="2"  type="cond"  truecount="1"  falsecount="1" />
				<line num="529"  count="2"  type="stmt" />
				<line num="534"  count="0"  type="stmt" />
				<line num="535"  count="0"  type="stmt" />
				<line num="536"  count="0"  type="cond"  truecount="0"  falsecount="2" />
				<line num="537"  count="0"  type="stmt" />
				<line num="540"  count="0"  type="cond"  truecount="0"  falsecount="2" />
				<line num="541"  count="0"  type="stmt" />
				<line num="547"  count="0"  type="stmt" />
				<line num="564"  count="34"  type="stmt" />
				<line num="565"  count="11"  type="stmt" />
				<line num="566"  count="11"  type="cond"  truecount="2"  falsecount="0" />
				<line num="567"  count="4"  type="stmt" />
				<line num="568"  count="7"  type="cond"  truecount="2"  falsecount="0" />
				<line num="569"  count="3"  type="stmt" />
				<line num="570"  count="4"  type="cond"  truecount="2"  falsecount="0" />
				<line num="574"  count="2"  type="cond"  truecount="1"  falsecount="1" />
				<line num="575"  count="0"  type="stmt" />
				<line num="576"  count="2"  type="cond"  truecount="1"  falsecount="1" />
				<line num="577"  count="0"  type="stmt" />
				<line num="579"  count="0"  type="stmt" />
				<line num="581"  count="0"  type="stmt" />
				<line num="582"  count="0"  type="stmt" />
				<line num="598"  count="0"  type="cond"  truecount="0"  falsecount="2" />
				<line num="599"  count="0"  type="stmt" />
				<line num="601"  count="0"  type="stmt" />
				<line num="603"  count="0"  type="stmt" />
				<line num="605"  count="0"  type="stmt" />
				<line num="606"  count="0"  type="stmt" />
				<line num="607"  count="0"  type="stmt" />
				<line num="608"  count="0"  type="cond"  truecount="0"  falsecount="2" />
				<line num="609"  count="0"  type="stmt" />
				<line num="612"  count="0"  type="stmt" />
				<line num="614"  count="2"  type="stmt" />
				<line num="616"  count="2"  type="stmt" />
				<line num="620"  count="34"  type="stmt" />
				<line num="621"  count="27"  type="stmt" />
				<line num="626"  count="27"  type="stmt" />
				<line num="627"  count="0"  type="stmt" />
				<line num="628"  count="0"  type="cond"  truecount="0"  falsecount="2" />
				<line num="629"  count="0"  type="stmt" />
				<line num="631"  count="0"  type="stmt" />
				<line num="633"  count="27"  type="stmt" />
				<line num="637"  count="27"  type="stmt" />
				<line num="641"  count="27"  type="stmt" />
				<line num="646"  count="27"  type="stmt" />
				<line num="653"  count="34"  type="stmt" />
				<line num="654"  count="0"  type="cond"  truecount="0"  falsecount="2" />
				<line num="655"  count="0"  type="stmt" />
				<line num="661"  count="0"  type="stmt" />
				<line num="662"  count="0"  type="stmt" />
				<line num="663"  count="0"  type="stmt" />
				<line num="666"  count="0"  type="stmt" />
				<line num="669"  count="34"  type="stmt" />
				<line num="670"  count="0"  type="cond"  truecount="0"  falsecount="2" />
				<line num="671"  count="0"  type="stmt" />
				<line num="677"  count="0"  type="stmt" />
				<line num="692"  count="34"  type="stmt" />
				<line num="693"  count="0"  type="stmt" />
				<line num="694"  count="0"  type="cond"  truecount="0"  falsecount="2" />
				<line num="695"  count="0"  type="stmt" />
				<line num="698"  count="0"  type="cond"  truecount="0"  falsecount="4" />
				<line num="700"  count="0"  type="stmt" />
				<line num="705"  count="0"  type="stmt" />
				<line num="716"  count="34"  type="stmt" />
				<line num="717"  count="0"  type="cond"  truecount="0"  falsecount="2" />
				<line num="718"  count="0"  type="stmt" />
				<line num="719"  count="0"  type="stmt" />
				<line num="720"  count="0"  type="stmt" />
				<line num="721"  count="0"  type="stmt" />
				<line num="722"  count="0"  type="stmt" />
				<line num="723"  count="0"  type="cond"  truecount="0"  falsecount="4" />
				<line num="725"  count="0"  type="stmt" />
				<line num="728"  count="0"  type="stmt" />
				<line num="729"  count="0"  type="stmt" />
				<line num="730"  count="0"  type="stmt" />
				<line num="731"  count="0"  type="cond"  truecount="0"  falsecount="2" />
				<line num="732"  count="0"  type="stmt" />
				<line num="734"  count="0"  type="stmt" />
				<line num="739"  count="0"  type="stmt" />
				<line num="740"  count="0"  type="cond"  truecount="0"  falsecount="2" />
				<line num="751"  count="34"  type="stmt" />
				<line num="752"  count="17"  type="stmt" />
				<line num="754"  count="16"  type="cond"  truecount="1"  falsecount="1" />
				<line num="755"  count="0"  type="stmt" />
				<line num="759"  count="16"  type="stmt" />
				<line num="760"  count="16"  type="stmt" />
				<line num="761"  count="16"  type="cond"  truecount="2"  falsecount="0" />
				<line num="762"  count="4"  type="stmt" />
				<line num="764"  count="12"  type="stmt" />
				<line num="782"  count="12"  type="stmt" />
				<line num="783"  count="12"  type="stmt" />
				<line num="784"  count="12"  type="stmt" />
				<line num="785"  count="12"  type="cond"  truecount="2"  falsecount="0" />
				<line num="786"  count="2"  type="stmt" />
				<line num="787"  count="2"  type="stmt" />
				<line num="791"  count="16"  type="cond"  truecount="2"  falsecount="0" />
				<line num="792"  count="3"  type="stmt" />
				<line num="795"  count="13"  type="cond"  truecount="2"  falsecount="0" />
				<line num="796"  count="5"  type="stmt" />
				<line num="800"  count="5"  type="stmt" />
				<line num="801"  count="5"  type="stmt" />
				<line num="804"  count="8"  type="stmt" />
				<line num="810"  count="13"  type="stmt" />
				<line num="824"  count="34"  type="stmt" />
				<line num="826"  count="42"  type="stmt" />
				<line num="827"  count="42"  type="stmt" />
				<line num="846"  count="40"  type="stmt" />
				<line num="847"  count="40"  type="stmt" />
				<line num="848"  count="40"  type="stmt" />
				<line num="849"  count="40"  type="stmt" />
				<line num="850"  count="40"  type="cond"  truecount="6"  falsecount="0" />
				<line num="854"  count="1"  type="stmt" />
				<line num="857"  count="40"  type="cond"  truecount="2"  falsecount="0" />
				<line num="858"  count="39"  type="stmt" />
				<line num="861"  count="40"  type="cond"  truecount="2"  falsecount="0" />
				<line num="862"  count="3"  type="stmt" />
				<line num="865"  count="37"  type="cond"  truecount="1"  falsecount="1" />
				<line num="866"  count="0"  type="stmt" />
				<line num="872"  count="37"  type="stmt" />
				<line num="873"  count="37"  type="cond"  truecount="4"  falsecount="0" />
				<line num="874"  count="11"  type="stmt" />
				<line num="877"  count="37"  type="cond"  truecount="4"  falsecount="0" />
				<line num="878"  count="24"  type="stmt" />
				<line num="880"  count="37"  type="cond"  truecount="2"  falsecount="0" />
				<line num="884"  count="25"  type="stmt" />
				<line num="889"  count="25"  type="cond"  truecount="2"  falsecount="0" />
				<line num="890"  count="23"  type="stmt" />
				<line num="894"  count="25"  type="cond"  truecount="2"  falsecount="0" />
				<line num="895"  count="3"  type="stmt" />
				<line num="900"  count="22"  type="stmt" />
				<line num="904"  count="37"  type="stmt" />
				<line num="917"  count="34"  type="stmt" />
				<line num="918"  count="11"  type="cond"  truecount="2"  falsecount="0" />
				<line num="919"  count="2"  type="stmt" />
				<line num="921"  count="9"  type="stmt" />
				<line num="932"  count="34"  type="stmt" />
				<line num="933"  count="34"  type="stmt" />
				<line num="934"  count="34"  type="stmt" />
				<line num="935"  count="34"  type="stmt" />
				<line num="937"  count="34"  type="stmt" />
				<line num="940"  count="2"  type="stmt" />
				<line num="941"  count="2"  type="stmt" />
				<line num="945"  count="0"  type="stmt" />
				<line num="946"  count="0"  type="stmt" />
				<line num="950"  count="0"  type="stmt" />
				<line num="954"  count="4"  type="stmt" />
				<line num="955"  count="4"  type="stmt" />
				<line num="956"  count="4"  type="stmt" />
				<line num="960"  count="1"  type="stmt" />
				<line num="967"  count="0"  type="stmt" />
				<line num="971"  count="0"  type="stmt" />
				<line num="972"  count="0"  type="stmt" />
				<line num="973"  count="0"  type="stmt" />
				<line num="977"  count="0"  type="stmt" />
				<line num="978"  count="0"  type="stmt" />
				<line num="979"  count="0"  type="stmt" />
				<line num="980"  count="0"  type="cond"  truecount="0"  falsecount="5" />
				<line num="982"  count="0"  type="cond"  truecount="0"  falsecount="2" />
				<line num="986"  count="0"  type="cond"  truecount="0"  falsecount="2" />
				<line num="987"  count="0"  type="stmt" />
				<line num="990"  count="0"  type="stmt" />
				<line num="992"  count="0"  type="stmt" />
				<line num="996"  count="0"  type="stmt" />
				<line num="1000"  count="0"  type="stmt" />
				<line num="1004"  count="0"  type="stmt" />
				<line num="1008"  count="0"  type="stmt" />
				<line num="1009"  count="0"  type="stmt" />
				<line num="1010"  count="0"  type="stmt" />
				<line num="1011"  count="0"  type="stmt" />
				<line num="1015"  count="0"  type="stmt" />
				<line num="1019"  count="0"  type="stmt" />
				<line num="1026"  count="34"  type="stmt" />
				<line num="1028"  count="34"  type="stmt" />
				<line num="1034"  count="0"  type="stmt" />
				<line num="1038"  count="0"  type="stmt" />
				<line num="1047"  count="0"  type="stmt" />
				<line num="1052"  count="0"  type="stmt" />
				<line num="1059"  count="0"  type="stmt" />
				<line num="1060"  count="0"  type="stmt" />
				<line num="1066"  count="4"  type="stmt" />
				<line num="1069"  count="0"  type="stmt" />
				<line num="1073"  count="0"  type="stmt" />
				<line num="1077"  count="0"  type="stmt" />
				<line num="1081"  count="0"  type="stmt" />
				<line num="1085"  count="0"  type="stmt" />
				<line num="1089"  count="0"  type="stmt" />
				<line num="1093"  count="0"  type="stmt" />
				<line num="1097"  count="0"  type="stmt" />
				<line num="1103"  count="0"  type="stmt" />
				<line num="1107"  count="0"  type="stmt" />
				<line num="1111"  count="0"  type="stmt" />
				<line num="1115"  count="0"  type="stmt" />
				<line num="1120"  count="7"  type="stmt" />
				<line num="1122"  count="7"  type="stmt" />
				<line num="1123"  count="5"  type="stmt" />
				<line num="1124"  count="15"  type="stmt" />
				<line num="1125"  count="15"  type="cond"  truecount="2"  falsecount="0" />
				<line num="1126"  count="6"  type="stmt" />
				<line num="1128"  count="9"  type="stmt" />
				<line num="1129"  count="9"  type="stmt" />
				<line num="1133"  count="8"  type="cond"  truecount="2"  falsecount="0" />
				<line num="1138"  count="7"  type="stmt" />
				<line num="1142"  count="0"  type="stmt" />
				<line num="1149"  count="0"  type="stmt" />
				<line num="1161"  count="0"  type="stmt" />
				<line num="1169"  count="4"  type="stmt" />
				<line num="1174"  count="34"  type="stmt" />
			</file>
		</package>
		<package name="src.lib" >
			<metrics statements="296"  coveredstatements="234"  conditionals="109"  coveredconditionals="85"  methods="44"  coveredmethods="32" />
			<file name="FakeTimers.js"  path="/Users/james/dev/jest/src/lib/FakeTimers.js" >
				<metrics statements="158"  coveredstatements="151"  conditionals="55"  coveredconditionals="51"  methods="21"  coveredmethods="19" />
				<line num="10"  count="33"  type="stmt" />
				<line num="12"  count="33"  type="stmt" />
				<line num="14"  count="1"  type="stmt" />
				<line num="15"  count="33"  type="stmt" />
				<line num="16"  count="33"  type="stmt" />
				<line num="17"  count="33"  type="cond"  truecount="2"  falsecount="0" />
				<line num="19"  count="33"  type="stmt" />
				<line num="22"  count="33"  type="stmt" />
				<line num="29"  count="33"  type="stmt" />
				<line num="46"  count="33"  type="cond"  truecount="4"  falsecount="0" />
				<line num="48"  count="10"  type="stmt" />
				<line num="49"  count="10"  type="stmt" />
				<line num="54"  count="33"  type="stmt" />
				<line num="59"  count="33"  type="stmt" />
				<line num="60"  count="33"  type="stmt" />
				<line num="61"  count="33"  type="stmt" />
				<line num="62"  count="33"  type="stmt" />
				<line num="63"  count="33"  type="stmt" />
				<line num="64"  count="33"  type="stmt" />
				<line num="65"  count="0"  type="stmt" />
				<line num="69"  count="33"  type="stmt" />
				<line num="70"  count="0"  type="stmt" />
				<line num="71"  count="0"  type="stmt" />
				<line num="75"  count="33"  type="stmt" />
				<line num="76"  count="37"  type="stmt" />
				<line num="77"  count="37"  type="stmt" />
				<line num="78"  count="37"  type="stmt" />
				<line num="79"  count="37"  type="stmt" />
				<line num="83"  count="33"  type="stmt" />
				<line num="87"  count="17"  type="stmt" />
				<line num="88"  count="121"  type="stmt" />
				<line num="90"  count="121"  type="cond"  truecount="2"  falsecount="0" />
				<line num="91"  count="16"  type="stmt" />
				<line num="94"  count="105"  type="cond"  truecount="2"  falsecount="0" />
				<line num="95"  count="104"  type="stmt" />
				<line num="96"  count="104"  type="stmt" />
				<line num="100"  count="17"  type="cond"  truecount="2"  falsecount="0" />
				<line num="101"  count="1"  type="stmt" />
				<line num="109"  count="33"  type="stmt" />
				<line num="110"  count="9"  type="stmt" />
				<line num="115"  count="9"  type="stmt" />
				<line num="116"  count="115"  type="stmt" />
				<line num="119"  count="115"  type="cond"  truecount="2"  falsecount="0" />
				<line num="120"  count="8"  type="stmt" />
				<line num="123"  count="107"  type="stmt" />
				<line num="126"  count="9"  type="cond"  truecount="2"  falsecount="0" />
				<line num="127"  count="1"  type="stmt" />
				<line num="135"  count="33"  type="stmt" />
				<line num="136"  count="2"  type="stmt" />
				<line num="137"  count="2"  type="stmt" />
				<line num="139"  count="5"  type="stmt" />
				<line num="145"  count="33"  type="stmt" />
				<line num="149"  count="9"  type="stmt" />
				<line num="150"  count="113"  type="stmt" />
				<line num="153"  count="113"  type="cond"  truecount="2"  falsecount="0" />
				<line num="154"  count="1"  type="stmt" />
				<line num="157"  count="112"  type="stmt" />
				<line num="158"  count="112"  type="cond"  truecount="2"  falsecount="0" />
				<line num="161"  count="7"  type="stmt" />
				<line num="162"  count="7"  type="stmt" />
				<line num="164"  count="105"  type="stmt" />
				<line num="165"  count="105"  type="stmt" />
				<line num="166"  count="105"  type="stmt" />
				<line num="170"  count="9"  type="cond"  truecount="2"  falsecount="0" />
				<line num="171"  count="1"  type="stmt" />
				<line num="178"  count="33"  type="stmt" />
				<line num="179"  count="9"  type="stmt" />
				<line num="183"  count="9"  type="stmt" />
				<line num="184"  count="9"  type="stmt" />
				<line num="185"  count="9"  type="stmt" />
				<line num="186"  count="9"  type="stmt" />
				<line num="187"  count="9"  type="cond"  truecount="1"  falsecount="1" />
				<line num="188"  count="0"  type="stmt" />
				<line num="191"  count="9"  type="stmt" />
				<line num="193"  count="9"  type="stmt" />
				<line num="194"  count="9"  type="stmt" />
				<line num="195"  count="9"  type="stmt" />
				<line num="196"  count="9"  type="stmt" />
				<line num="198"  count="1"  type="stmt" />
				<line num="199"  count="1"  type="stmt" />
				<line num="202"  count="9"  type="stmt" />
				<line num="203"  count="9"  type="stmt" />
				<line num="204"  count="9"  type="stmt" />
				<line num="205"  count="9"  type="stmt" />
				<line num="206"  count="9"  type="cond"  truecount="1"  falsecount="1" />
				<line num="207"  count="0"  type="stmt" />
				<line num="210"  count="9"  type="cond"  truecount="2"  falsecount="0" />
				<line num="211"  count="1"  type="stmt" />
				<line num="215"  count="33"  type="stmt" />
				<line num="216"  count="13"  type="stmt" />
				<line num="220"  count="13"  type="stmt" />
				<line num="221"  count="13"  type="stmt" />
				<line num="222"  count="13"  type="stmt" />
				<line num="223"  count="13"  type="stmt" />
				<line num="224"  count="13"  type="cond"  truecount="2"  falsecount="0" />
				<line num="225"  count="2"  type="stmt" />
				<line num="229"  count="33"  type="stmt" />
				<line num="230"  count="35"  type="stmt" />
				<line num="234"  count="35"  type="stmt" />
				<line num="235"  count="35"  type="stmt" />
				<line num="236"  count="35"  type="stmt" />
				<line num="237"  count="35"  type="stmt" />
				<line num="238"  count="35"  type="cond"  truecount="2"  falsecount="0" />
				<line num="239"  count="11"  type="stmt" />
				<line num="243"  count="33"  type="stmt" />
				<line num="244"  count="3"  type="cond"  truecount="2"  falsecount="0" />
				<line num="245"  count="1"  type="stmt" />
				<line num="249"  count="33"  type="stmt" />
				<line num="250"  count="107"  type="stmt" />
				<line num="251"  count="107"  type="stmt" />
				<line num="256"  count="107"  type="stmt" />
				<line num="257"  count="107"  type="stmt" />
				<line num="258"  count="2"  type="cond"  truecount="2"  falsecount="0" />
				<line num="259"  count="1"  type="stmt" />
				<line num="260"  count="1"  type="stmt" />
				<line num="265"  count="33"  type="stmt" />
				<line num="266"  count="5"  type="cond"  truecount="4"  falsecount="0" />
				<line num="267"  count="1"  type="stmt" />
				<line num="270"  count="5"  type="stmt" />
				<line num="271"  count="5"  type="stmt" />
				<line num="272"  count="0"  type="stmt" />
				<line num="275"  count="5"  type="stmt" />
				<line num="277"  count="5"  type="stmt" />
				<line num="280"  count="5"  type="stmt" />
				<line num="286"  count="5"  type="stmt" />
				<line num="289"  count="33"  type="stmt" />
				<line num="290"  count="222"  type="cond"  truecount="4"  falsecount="0" />
				<line num="291"  count="2"  type="stmt" />
				<line num="294"  count="222"  type="stmt" />
				<line num="295"  count="222"  type="stmt" />
				<line num="296"  count="2"  type="stmt" />
				<line num="299"  count="222"  type="stmt" />
				<line num="301"  count="222"  type="stmt" />
				<line num="304"  count="213"  type="stmt" />
				<line num="310"  count="222"  type="stmt" />
				<line num="313"  count="33"  type="stmt" />
				<line num="314"  count="228"  type="stmt" />
				<line num="315"  count="228"  type="stmt" />
				<line num="316"  count="228"  type="stmt" />
				<line num="318"  count="228"  type="stmt" />
				<line num="319"  count="228"  type="stmt" />
				<line num="320"  count="233"  type="stmt" />
				<line num="321"  count="233"  type="cond"  truecount="2"  falsecount="0" />
				<line num="322"  count="223"  type="stmt" />
				<line num="323"  count="223"  type="stmt" />
				<line num="327"  count="228"  type="stmt" />
				<line num="330"  count="33"  type="stmt" />
				<line num="331"  count="218"  type="stmt" />
				<line num="333"  count="218"  type="cond"  truecount="2"  falsecount="1" />
				<line num="335"  count="213"  type="stmt" />
				<line num="336"  count="213"  type="stmt" />
				<line num="337"  count="213"  type="stmt" />
				<line num="338"  count="213"  type="stmt" />
				<line num="341"  count="5"  type="stmt" />
				<line num="342"  count="5"  type="stmt" />
				<line num="343"  count="5"  type="stmt" />
				<line num="346"  count="0"  type="stmt" />
				<line num="350"  count="33"  type="stmt" />
			</file>
			<file name="utils.js"  path="/Users/james/dev/jest/src/lib/utils.js" >
				<metrics statements="138"  coveredstatements="83"  conditionals="54"  coveredconditionals="34"  methods="23"  coveredmethods="13" />
				<line num="10"  count="71"  type="stmt" />
				<line num="11"  count="71"  type="stmt" />
				<line num="12"  count="71"  type="stmt" />
				<line num="14"  count="71"  type="stmt" />
				<line num="28"  count="7"  type="stmt" />
				<line num="29"  count="636"  type="cond"  truecount="2"  falsecount="0" />
				<line num="31"  count="248"  type="cond"  truecount="1"  falsecount="1" />
				<line num="32"  count="0"  type="stmt" />
				<line num="35"  count="248"  type="cond"  truecount="2"  falsecount="0" />
				<line num="36"  count="175"  type="stmt" />
				<line num="37"  count="176"  type="stmt" />
				<line num="41"  count="73"  type="cond"  truecount="1"  falsecount="1" />
				<line num="42"  count="73"  type="stmt" />
				<line num="43"  count="73"  type="stmt" />
				<line num="44"  count="441"  type="stmt" />
				<line num="49"  count="73"  type="stmt" />
				<line num="51"  count="0"  type="stmt" />
				<line num="53"  count="383"  type="cond"  truecount="2"  falsecount="0" />
				<line num="54"  count="356"  type="stmt" />
				<line num="57"  count="27"  type="stmt" />
				<line num="62"  count="5"  type="stmt" />
				<line num="65"  count="7"  type="stmt" />
				<line num="66"  count="20"  type="stmt" />
				<line num="86"  count="7"  type="stmt" />
				<line num="87"  count="0"  type="stmt" />
				<line num="88"  count="0"  type="stmt" />
				<line num="89"  count="0"  type="stmt" />
				<line num="90"  count="0"  type="stmt" />
				<line num="91"  count="0"  type="stmt" />
				<line num="92"  count="0"  type="stmt" />
				<line num="96"  count="0"  type="stmt" />
				<line num="97"  count="0"  type="stmt" />
				<line num="98"  count="0"  type="stmt" />
				<line num="99"  count="0"  type="stmt" />
				<line num="100"  count="0"  type="stmt" />
				<line num="101"  count="0"  type="stmt" />
				<line num="105"  count="0"  type="stmt" />
				<line num="107"  count="0"  type="stmt" />
				<line num="108"  count="0"  type="cond"  truecount="0"  falsecount="2" />
				<line num="109"  count="0"  type="stmt" />
				<line num="110"  count="0"  type="cond"  truecount="0"  falsecount="2" />
				<line num="111"  count="0"  type="stmt" />
				<line num="113"  count="0"  type="stmt" />
				<line num="132"  count="7"  type="stmt" />
				<line num="133"  count="0"  type="stmt" />
				<line num="134"  count="0"  type="stmt" />
				<line num="135"  count="0"  type="stmt" />
				<line num="136"  count="0"  type="cond"  truecount="0"  falsecount="2" />
				<line num="137"  count="0"  type="stmt" />
				<line num="138"  count="0"  type="cond"  truecount="0"  falsecount="2" />
				<line num="139"  count="0"  type="stmt" />
				<line num="142"  count="0"  type="stmt" />
				<line num="145"  count="0"  type="stmt" />
				<line num="148"  count="7"  type="stmt" />
				<line num="149"  count="37"  type="stmt" />
				<line num="152"  count="37"  type="cond"  truecount="2"  falsecount="0" />
				<line num="153"  count="1"  type="stmt" />
				<line num="156"  count="36"  type="stmt" />
				<line num="159"  count="36"  type="stmt" />
				<line num="160"  count="72"  type="stmt" />
				<line num="161"  count="72"  type="cond"  truecount="16"  falsecount="4" />
				<line num="163"  count="3"  type="stmt" />
				<line num="164"  count="5"  type="stmt" />
				<line num="168"  count="5"  type="stmt" />
				<line num="169"  count="5"  type="stmt" />
				<line num="171"  count="3"  type="stmt" />
				<line num="174"  count="13"  type="stmt" />
				<line num="175"  count="5"  type="stmt" />
				<line num="180"  count="13"  type="stmt" />
				<line num="186"  count="9"  type="stmt" />
				<line num="190"  count="9"  type="stmt" />
				<line num="201"  count="6"  type="stmt" />
				<line num="202"  count="12"  type="stmt" />
				<line num="204"  count="6"  type="stmt" />
				<line num="216"  count="40"  type="stmt" />
				<line num="217"  count="40"  type="stmt" />
				<line num="220"  count="1"  type="stmt" />
				<line num="222"  count="71"  type="stmt" />
				<line num="223"  count="71"  type="stmt" />
				<line num="228"  count="35"  type="stmt" />
				<line num="229"  count="385"  type="cond"  truecount="2"  falsecount="0" />
				<line num="230"  count="366"  type="stmt" />
				<line num="232"  count="385"  type="stmt" />
				<line num="235"  count="35"  type="stmt" />
				<line num="238"  count="7"  type="stmt" />
				<line num="239"  count="108"  type="stmt" />
				<line num="242"  count="7"  type="stmt" />
				<line num="243"  count="0"  type="stmt" />
				<line num="244"  count="0"  type="stmt" />
				<line num="245"  count="0"  type="stmt" />
				<line num="246"  count="0"  type="cond"  truecount="0"  falsecount="2" />
				<line num="247"  count="0"  type="stmt" />
				<line num="249"  count="0"  type="stmt" />
				<line num="251"  count="0"  type="stmt" />
				<line num="255"  count="7"  type="stmt" />
				<line num="256"  count="0"  type="stmt" />
				<line num="257"  count="0"  type="stmt" />
				<line num="258"  count="0"  type="stmt" />
				<line num="259"  count="0"  type="stmt" />
				<line num="260"  count="0"  type="stmt" />
				<line num="261"  count="0"  type="cond"  truecount="0"  falsecount="2" />
				<line num="262"  count="0"  type="stmt" />
				<line num="264"  count="0"  type="stmt" />
				<line num="266"  count="0"  type="stmt" />
				<line num="270"  count="71"  type="stmt" />
				<line num="271"  count="7"  type="stmt" />
				<line num="272"  count="27"  type="cond"  truecount="2"  falsecount="0" />
				<line num="273"  count="3"  type="stmt" />
				<line num="276"  count="24"  type="stmt" />
				<line num="280"  count="24"  type="cond"  truecount="1"  falsecount="1" />
				<line num="281"  count="0"  type="stmt" />
				<line num="284"  count="24"  type="cond"  truecount="1"  falsecount="1" />
				<line num="285"  count="0"  type="stmt" />
				<line num="286"  count="0"  type="stmt" />
				<line num="288"  count="0"  type="stmt" />
				<line num="289"  count="0"  type="stmt" />
				<line num="292"  count="24"  type="stmt" />
				<line num="295"  count="7"  type="stmt" />
				<line num="297"  count="27"  type="stmt" />
				<line num="298"  count="27"  type="stmt" />
				<line num="299"  count="27"  type="stmt" />
				<line num="306"  count="0"  type="stmt" />
				<line num="307"  count="0"  type="stmt" />
				<line num="310"  count="27"  type="stmt" />
				<line num="311"  count="189"  type="stmt" />
				<line num="314"  count="27"  type="stmt" />
				<line num="315"  count="27"  type="stmt" />
				<line num="317"  count="0"  type="stmt" />
				<line num="318"  count="0"  type="stmt" />
				<line num="322"  count="71"  type="stmt" />
				<line num="323"  count="71"  type="stmt" />
				<line num="324"  count="71"  type="stmt" />
				<line num="326"  count="71"  type="stmt" />
				<line num="327"  count="71"  type="stmt" />
				<line num="328"  count="71"  type="stmt" />
				<line num="329"  count="71"  type="stmt" />
				<line num="330"  count="71"  type="stmt" />
				<line num="331"  count="71"  type="stmt" />
			</file>
		</package>
	</project>
</coverage>
