TN:
SF:/Users/james/dev/jest/src/lib/FakeTimers.js
FN:14,FakeTimers
FN:64,(anonymous_2)
FN:69,(anonymous_3)
FN:75,(anonymous_4)
FN:83,(anonymous_5)
FN:109,(anonymous_6)
FN:135,(anonymous_7)
FN:138,(anonymous_8)
FN:145,(anonymous_9)
FN:178,(anonymous_10)
FN:215,(anonymous_11)
FN:229,(anonymous_12)
FN:243,(anonymous_13)
FN:249,(anonymous_14)
FN:257,(anonymous_15)
FN:265,(anonymous_16)
FN:279,(anonymous_17)
FN:289,(anonymous_18)
FN:303,(anonymous_19)
FN:313,(anonymous_20)
FN:330,(anonymous_21)
FNF:21
FNH:19
FNDA:33,FakeTimers
FNDA:0,(anonymous_2)
FNDA:0,(anonymous_3)
FNDA:37,(anonymous_4)
FNDA:17,(anonymous_5)
FNDA:9,(anonymous_6)
FNDA:2,(anonymous_7)
FNDA:5,(anonymous_8)
FNDA:9,(anonymous_9)
FNDA:9,(anonymous_10)
FNDA:13,(anonymous_11)
FNDA:35,(anonymous_12)
FNDA:3,(anonymous_13)
FNDA:107,(anonymous_14)
FNDA:2,(anonymous_15)
FNDA:5,(anonymous_16)
FNDA:5,(anonymous_17)
FNDA:222,(anonymous_18)
FNDA:213,(anonymous_19)
FNDA:228,(anonymous_20)
FNDA:218,(anonymous_21)
DA:10,33
DA:12,33
DA:14,1
DA:15,33
DA:16,33
DA:17,33
DA:19,33
DA:22,33
DA:29,33
DA:46,33
DA:48,10
DA:49,10
DA:54,33
DA:59,33
DA:60,33
DA:61,33
DA:62,33
DA:63,33
DA:64,33
DA:65,0
DA:69,33
DA:70,0
DA:71,0
DA:75,33
DA:76,37
DA:77,37
DA:78,37
DA:79,37
DA:83,33
DA:87,17
DA:88,121
DA:90,121
DA:91,16
DA:94,105
DA:95,104
DA:96,104
DA:100,17
DA:101,1
DA:109,33
DA:110,9
DA:115,9
DA:116,115
DA:119,115
DA:120,8
DA:123,107
DA:126,9
DA:127,1
DA:135,33
DA:136,2
DA:137,2
DA:139,5
DA:145,33
DA:149,9
DA:150,113
DA:153,113
DA:154,1
DA:157,112
DA:158,112
DA:161,7
DA:162,7
DA:164,105
DA:165,105
DA:166,105
DA:170,9
DA:171,1
DA:178,33
DA:179,9
DA:183,9
DA:184,9
DA:185,9
DA:186,9
DA:187,9
DA:188,0
DA:191,9
DA:193,9
DA:194,9
DA:195,9
DA:196,9
DA:198,1
DA:199,1
DA:202,9
DA:203,9
DA:204,9
DA:205,9
DA:206,9
DA:207,0
DA:210,9
DA:211,1
DA:215,33
DA:216,13
DA:220,13
DA:221,13
DA:222,13
DA:223,13
DA:224,13
DA:225,2
DA:229,33
DA:230,35
DA:234,35
DA:235,35
DA:236,35
DA:237,35
DA:238,35
DA:239,11
DA:243,33
DA:244,3
DA:245,1
DA:249,33
DA:250,107
DA:251,107
DA:256,107
DA:257,107
DA:258,2
DA:259,1
DA:260,1
DA:265,33
DA:266,5
DA:267,1
DA:270,5
DA:271,5
DA:272,0
DA:275,5
DA:277,5
DA:280,5
DA:286,5
DA:289,33
DA:290,222
DA:291,2
DA:294,222
DA:295,222
DA:296,2
DA:299,222
DA:301,222
DA:304,213
DA:310,222
DA:313,33
DA:314,228
DA:315,228
DA:316,228
DA:318,228
DA:319,228
DA:320,233
DA:321,233
DA:322,223
DA:323,223
DA:327,228
DA:330,33
DA:331,218
DA:333,218
DA:335,213
DA:336,213
DA:337,213
DA:338,213
DA:341,5
DA:342,5
DA:343,5
DA:346,0
DA:350,33
LF:158
LH:151
BRDA:17,1,0,33
BRDA:17,1,1,30
BRDA:46,2,0,10
BRDA:46,2,1,23
BRDA:46,3,0,33
BRDA:46,3,1,10
BRDA:90,4,0,16
BRDA:90,4,1,105
BRDA:94,5,0,104
BRDA:94,5,1,1
BRDA:100,6,0,1
BRDA:100,6,1,16
BRDA:119,7,0,8
BRDA:119,7,1,107
BRDA:126,8,0,1
BRDA:126,8,1,8
BRDA:153,9,0,1
BRDA:153,9,1,112
BRDA:158,10,0,7
BRDA:158,10,1,105
BRDA:170,11,0,1
BRDA:170,11,1,8
BRDA:180,12,0,9
BRDA:180,12,1,0
BRDA:187,13,0,0
BRDA:187,13,1,9
BRDA:206,14,0,0
BRDA:206,14,1,9
BRDA:210,15,0,1
BRDA:210,15,1,8
BRDA:217,16,0,13
BRDA:217,16,1,2
BRDA:224,17,0,2
BRDA:224,17,1,11
BRDA:231,18,0,35
BRDA:231,18,1,11
BRDA:238,19,0,11
BRDA:238,19,1,24
BRDA:244,20,0,1
BRDA:244,20,1,2
BRDA:258,21,0,1
BRDA:258,21,1,1
BRDA:266,22,0,1
BRDA:266,22,1,4
BRDA:266,23,0,5
BRDA:266,23,1,4
BRDA:290,24,0,2
BRDA:290,24,1,220
BRDA:290,25,0,222
BRDA:290,25,1,220
BRDA:321,26,0,223
BRDA:321,26,1,10
BRDA:333,27,0,213
BRDA:333,27,1,5
BRDA:333,27,2,0
BRF:55
BRH:51
end_of_record
TN:
SF:/Users/james/dev/jest/src/TestRunner.js
FN:52,(anonymous_1)
FN:69,TestRunner
FN:75,(anonymous_3)
FN:84,(anonymous_4)
FN:98,(anonymous_5)
FN:101,(anonymous_6)
FN:106,(anonymous_7)
FN:120,(anonymous_8)
FN:135,(anonymous_9)
FN:156,(anonymous_10)
FN:158,write
FN:166,end
FN:172,(anonymous_13)
FN:180,(anonymous_14)
FN:193,(anonymous_15)
FN:226,(anonymous_16)
FN:228,write
FN:236,end
FN:241,(anonymous_19)
FN:286,(anonymous_20)
FN:290,(anonymous_21)
FN:301,(anonymous_22)
FN:316,(anonymous_23)
FN:332,(anonymous_24)
FN:335,(anonymous_25)
FN:358,(anonymous_26)
FN:371,(anonymous_27)
FN:384,(anonymous_28)
FN:400,(anonymous_29)
FN:413,(anonymous_30)
FN:426,(anonymous_31)
FN:433,(anonymous_32)
FN:443,(anonymous_33)
FN:447,(anonymous_34)
FN:449,(anonymous_35)
FN:452,(anonymous_36)
FN:459,(anonymous_37)
FN:473,(anonymous_38)
FN:479,(anonymous_39)
FN:480,(anonymous_40)
FN:482,(anonymous_41)
FN:485,(anonymous_42)
FN:516,(anonymous_43)
FNF:43
FNH:10
FNDA:20,(anonymous_1)
FNDA:10,TestRunner
FNDA:0,(anonymous_3)
FNDA:10,(anonymous_4)
FNDA:0,(anonymous_5)
FNDA:0,(anonymous_6)
FNDA:0,(anonymous_7)
FNDA:22,(anonymous_8)
FNDA:0,(anonymous_9)
FNDA:6,(anonymous_10)
FNDA:6,write
FNDA:6,end
FNDA:6,(anonymous_13)
FNDA:6,(anonymous_14)
FNDA:13,(anonymous_15)
FNDA:0,(anonymous_16)
FNDA:0,write
FNDA:0,end
FNDA:0,(anonymous_19)
FNDA:0,(anonymous_20)
FNDA:0,(anonymous_21)
FNDA:0,(anonymous_22)
FNDA:0,(anonymous_23)
FNDA:0,(anonymous_24)
FNDA:0,(anonymous_25)
FNDA:0,(anonymous_26)
FNDA:0,(anonymous_27)
FNDA:0,(anonymous_28)
FNDA:0,(anonymous_29)
FNDA:0,(anonymous_30)
FNDA:0,(anonymous_31)
FNDA:0,(anonymous_32)
FNDA:0,(anonymous_33)
FNDA:0,(anonymous_34)
FNDA:0,(anonymous_35)
FNDA:0,(anonymous_36)
FNDA:0,(anonymous_37)
FNDA:0,(anonymous_38)
FNDA:0,(anonymous_39)
FNDA:0,(anonymous_40)
FNDA:0,(anonymous_41)
FNDA:0,(anonymous_42)
FNDA:0,(anonymous_43)
DA:10,10
DA:11,10
DA:12,10
DA:13,10
DA:14,10
DA:15,10
DA:16,10
DA:17,10
DA:19,10
DA:21,10
DA:55,20
DA:59,10
DA:69,1
DA:70,10
DA:71,10
DA:72,10
DA:73,10
DA:76,0
DA:81,10
DA:85,10
DA:90,10
DA:91,10
DA:92,0
DA:93,0
DA:98,10
DA:99,0
DA:100,0
DA:101,0
DA:102,0
DA:106,10
DA:107,0
DA:108,0
DA:109,0
DA:110,0
DA:113,0
DA:117,0
DA:120,10
DA:121,22
DA:122,22
DA:127,22
DA:135,10
DA:136,0
DA:137,0
DA:138,0
DA:144,0
DA:156,10
DA:157,6
DA:159,6
DA:160,0
DA:161,0
DA:163,6
DA:167,6
DA:171,6
DA:172,6
DA:173,6
DA:180,6
DA:181,6
DA:182,6
DA:183,0
DA:187,6
DA:188,6
DA:189,18
DA:190,18
DA:193,18
DA:194,13
DA:195,12
DA:196,12
DA:197,12
DA:198,6
DA:204,6
DA:207,6
DA:226,10
DA:227,0
DA:229,0
DA:230,0
DA:231,0
DA:233,0
DA:237,0
DA:241,0
DA:242,0
DA:243,0
DA:246,0
DA:247,0
DA:250,0
DA:251,0
DA:255,0
DA:258,0
DA:262,0
DA:286,10
DA:287,0
DA:290,10
DA:291,0
DA:301,10
DA:305,0
DA:306,0
DA:308,0
DA:309,0
DA:313,0
DA:314,0
DA:316,0
DA:329,0
DA:330,0
DA:331,0
DA:334,0
DA:336,0
DA:340,0
DA:341,0
DA:356,0
DA:357,0
DA:359,0
DA:361,0
DA:362,0
DA:363,0
DA:364,0
DA:369,0
DA:372,0
DA:384,10
DA:385,0
DA:386,0
DA:388,0
DA:390,0
DA:398,0
DA:400,0
DA:401,0
DA:402,0
DA:404,0
DA:406,0
DA:413,0
DA:414,0
DA:415,0
DA:424,0
DA:426,0
DA:427,0
DA:428,0
DA:429,0
DA:433,10
DA:436,0
DA:437,0
DA:439,0
DA:443,10
DA:446,0
DA:447,0
DA:448,0
DA:450,0
DA:453,0
DA:456,0
DA:459,10
DA:462,0
DA:472,0
DA:475,0
DA:480,0
DA:481,0
DA:483,0
DA:486,0
DA:505,0
DA:507,0
DA:511,0
DA:517,0
DA:521,10
LF:159
LH:60
BRDA:91,1,0,0
BRDA:91,1,1,10
BRDA:99,2,0,0
BRDA:99,2,1,0
BRDA:108,3,0,0
BRDA:108,3,1,0
BRDA:109,4,0,0
BRDA:109,4,1,0
BRDA:123,5,0,22
BRDA:123,5,1,0
BRDA:128,6,0,22
BRDA:128,6,1,11
BRDA:128,6,2,11
BRDA:128,6,3,11
BRDA:128,6,4,11
BRDA:137,7,0,0
BRDA:137,7,1,0
BRDA:159,8,0,0
BRDA:159,8,1,6
BRDA:182,9,0,0
BRDA:182,9,1,6
BRDA:182,10,0,6
BRDA:182,10,1,0
BRDA:194,11,0,12
BRDA:194,11,1,1
BRDA:197,12,0,6
BRDA:197,12,1,6
BRDA:197,13,0,12
BRDA:197,13,1,7
BRDA:229,14,0,0
BRDA:229,14,1,0
BRDA:246,15,0,0
BRDA:246,15,1,0
BRDA:251,16,0,0
BRDA:251,16,1,0
BRDA:252,17,0,0
BRDA:252,17,1,0
BRDA:329,18,0,0
BRDA:329,18,1,0
BRDA:329,19,0,0
BRDA:329,19,1,0
BRDA:340,20,0,0
BRDA:340,20,1,0
BRDA:365,21,0,0
BRDA:365,21,1,0
BRDA:385,22,0,0
BRDA:385,22,1,0
BRDA:398,23,0,0
BRDA:398,23,1,0
BRDA:401,24,0,0
BRDA:401,24,1,0
BRDA:406,25,0,0
BRDA:406,25,1,0
BRDA:415,26,0,0
BRDA:415,26,1,0
BRDA:428,27,0,0
BRDA:428,27,1,0
BRDA:436,28,0,0
BRDA:436,28,1,0
BRDA:505,29,0,0
BRDA:505,29,1,0
BRDA:505,30,0,0
BRDA:505,30,1,0
BRF:63
BRH:16
end_of_record
TN:
SF:/Users/james/dev/jest/src/lib/utils.js
FN:28,_replaceRootDirTags
FN:36,(anonymous_2)
FN:65,escapeStrForRegex
FN:86,getLineCoverageFromCoverageInfo
FN:88,(anonymous_5)
FN:97,(anonymous_6)
FN:107,(anonymous_7)
FN:132,getLinePercentCoverageFromCoverageInfo
FN:135,(anonymous_9)
FN:148,normalizeConfig
FN:159,(anonymous_11)
FN:163,(anonymous_12)
FN:174,(anonymous_13)
FN:201,(anonymous_14)
FN:228,(anonymous_15)
FN:238,pathNormalize
FN:242,loadConfigFromFile
FN:244,(anonymous_18)
FN:255,loadConfigFromPackageJson
FN:257,(anonymous_20)
FN:271,readAndPreprocessFileContent
FN:295,runContentWithLocalBindings
FN:310,(anonymous_23)
FNF:23
FNH:13
FNDA:636,_replaceRootDirTags
FNDA:176,(anonymous_2)
FNDA:20,escapeStrForRegex
FNDA:0,getLineCoverageFromCoverageInfo
FNDA:0,(anonymous_5)
FNDA:0,(anonymous_6)
FNDA:0,(anonymous_7)
FNDA:0,getLinePercentCoverageFromCoverageInfo
FNDA:0,(anonymous_9)
FNDA:37,normalizeConfig
FNDA:72,(anonymous_11)
FNDA:5,(anonymous_12)
FNDA:5,(anonymous_13)
FNDA:12,(anonymous_14)
FNDA:385,(anonymous_15)
FNDA:108,pathNormalize
FNDA:0,loadConfigFromFile
FNDA:0,(anonymous_18)
FNDA:0,loadConfigFromPackageJson
FNDA:0,(anonymous_20)
FNDA:27,readAndPreprocessFileContent
FNDA:27,runContentWithLocalBindings
FNDA:189,(anonymous_23)
DA:10,71
DA:11,71
DA:12,71
DA:14,71
DA:28,7
DA:29,636
DA:31,248
DA:32,0
DA:35,248
DA:36,175
DA:37,176
DA:41,73
DA:42,73
DA:43,73
DA:44,441
DA:49,73
DA:51,0
DA:53,383
DA:54,356
DA:57,27
DA:62,5
DA:65,7
DA:66,20
DA:86,7
DA:87,0
DA:88,0
DA:89,0
DA:90,0
DA:91,0
DA:92,0
DA:96,0
DA:97,0
DA:98,0
DA:99,0
DA:100,0
DA:101,0
DA:105,0
DA:107,0
DA:108,0
DA:109,0
DA:110,0
DA:111,0
DA:113,0
DA:132,7
DA:133,0
DA:134,0
DA:135,0
DA:136,0
DA:137,0
DA:138,0
DA:139,0
DA:142,0
DA:145,0
DA:148,7
DA:149,37
DA:152,37
DA:153,1
DA:156,36
DA:159,36
DA:160,72
DA:161,72
DA:163,3
DA:164,5
DA:168,5
DA:169,5
DA:171,3
DA:174,13
DA:175,5
DA:180,13
DA:186,9
DA:190,9
DA:201,6
DA:202,12
DA:204,6
DA:216,40
DA:217,40
DA:220,1
DA:222,71
DA:223,71
DA:228,35
DA:229,385
DA:230,366
DA:232,385
DA:235,35
DA:238,7
DA:239,108
DA:242,7
DA:243,0
DA:244,0
DA:245,0
DA:246,0
DA:247,0
DA:249,0
DA:251,0
DA:255,7
DA:256,0
DA:257,0
DA:258,0
DA:259,0
DA:260,0
DA:261,0
DA:262,0
DA:264,0
DA:266,0
DA:270,71
DA:271,7
DA:272,27
DA:273,3
DA:276,24
DA:280,24
DA:281,0
DA:284,24
DA:285,0
DA:286,0
DA:288,0
DA:289,0
DA:292,24
DA:295,7
DA:297,27
DA:298,27
DA:299,27
DA:306,0
DA:307,0
DA:310,27
DA:311,189
DA:314,27
DA:315,27
DA:317,0
DA:318,0
DA:322,71
DA:323,71
DA:324,71
DA:326,71
DA:327,71
DA:328,71
DA:329,71
DA:330,71
DA:331,71
LF:138
LH:83
BRDA:29,1,0,248
BRDA:29,1,1,383
BRDA:31,2,0,0
BRDA:31,2,1,248
BRDA:35,3,0,175
BRDA:35,3,1,73
BRDA:41,4,0,73
BRDA:41,4,1,0
BRDA:45,5,0,35
BRDA:45,5,1,406
BRDA:53,6,0,356
BRDA:53,6,1,27
BRDA:108,7,0,0
BRDA:108,7,1,0
BRDA:110,8,0,0
BRDA:110,8,1,0
BRDA:136,9,0,0
BRDA:136,9,1,0
BRDA:138,10,0,0
BRDA:138,10,1,0
BRDA:152,11,0,1
BRDA:152,11,1,36
BRDA:161,12,0,3
BRDA:161,12,1,13
BRDA:161,12,2,0
BRDA:161,12,3,3
BRDA:161,12,4,6
BRDA:161,12,5,9
BRDA:161,12,6,3
BRDA:161,12,7,6
BRDA:161,12,8,6
BRDA:161,12,9,0
BRDA:161,12,10,0
BRDA:161,12,11,0
BRDA:161,12,12,4
BRDA:161,12,13,4
BRDA:161,12,14,40
BRDA:161,12,15,40
BRDA:161,12,16,40
BRDA:161,12,17,40
BRDA:161,12,18,40
BRDA:161,12,19,1
BRDA:229,13,0,366
BRDA:229,13,1,19
BRDA:246,14,0,0
BRDA:246,14,1,0
BRDA:261,15,0,0
BRDA:261,15,1,0
BRDA:272,16,0,3
BRDA:272,16,1,24
BRDA:280,17,0,0
BRDA:280,17,1,24
BRDA:284,18,0,0
BRDA:284,18,1,24
BRF:54
BRH:34
end_of_record
TN:
SF:/Users/james/dev/jest/src/HasteModuleLoader/HasteModuleLoader.js
FN:74,_buildLoadersList
FN:84,_constructHasteInst
FN:99,(anonymous_3)
FN:110,_getCacheFilePath
FN:114,Loader
FN:132,(anonymous_6)
FN:146,(anonymous_7)
FN:156,(anonymous_8)
FN:163,(anonymous_9)
FN:174,(anonymous_10)
FN:182,(anonymous_11)
FN:205,(anonymous_12)
FN:268,(anonymous_13)
FN:304,(anonymous_14)
FN:330,(anonymous_15)
FN:345,(anonymous_16)
FN:403,(anonymous_17)
FN:421,(anonymous_18)
FN:487,(anonymous_19)
FN:503,(anonymous_20)
FN:521,(anonymous_21)
FN:564,(anonymous_22)
FN:620,(anonymous_23)
FN:626,(anonymous_24)
FN:653,(anonymous_25)
FN:669,(anonymous_26)
FN:692,(anonymous_27)
FN:716,(anonymous_28)
FN:751,(anonymous_29)
FN:824,(anonymous_30)
FN:917,(anonymous_31)
FN:932,(anonymous_32)
FN:936,(anonymous_33)
FN:939,(anonymous_34)
FN:944,(anonymous_35)
FN:949,(anonymous_36)
FN:953,(anonymous_37)
FN:959,(anonymous_38)
FN:966,(anonymous_39)
FN:970,(anonymous_40)
FN:976,(anonymous_41)
FN:995,(anonymous_42)
FN:999,(anonymous_43)
FN:1003,(anonymous_44)
FN:1007,(anonymous_45)
FN:1014,(anonymous_46)
FN:1018,(anonymous_47)
FN:1033,(anonymous_48)
FN:1037,(anonymous_49)
FN:1046,(anonymous_50)
FN:1051,(anonymous_51)
FN:1065,(anonymous_52)
FN:1068,(anonymous_53)
FN:1076,(anonymous_54)
FN:1084,(anonymous_55)
FN:1092,(anonymous_56)
FN:1102,(anonymous_57)
FN:1110,(anonymous_58)
FN:1119,(anonymous_59)
FN:1123,_recurse
FN:1132,(anonymous_61)
FN:1141,(anonymous_62)
FN:1148,(anonymous_63)
FN:1160,(anonymous_64)
FNF:64
FNH:29
FNDA:4,_buildLoadersList
FNDA:4,_constructHasteInst
FNDA:40,(anonymous_3)
FNDA:4,_getCacheFilePath
FNDA:34,Loader
FNDA:34,(anonymous_6)
FNDA:0,(anonymous_7)
FNDA:4,(anonymous_8)
FNDA:4,(anonymous_9)
FNDA:0,(anonymous_10)
FNDA:0,(anonymous_11)
FNDA:27,(anonymous_12)
FNDA:9,(anonymous_13)
FNDA:0,(anonymous_14)
FNDA:268,(anonymous_15)
FNDA:74,(anonymous_16)
FNDA:0,(anonymous_17)
FNDA:79,(anonymous_18)
FNDA:9,(anonymous_19)
FNDA:18,(anonymous_20)
FNDA:0,(anonymous_21)
FNDA:11,(anonymous_22)
FNDA:27,(anonymous_23)
FNDA:0,(anonymous_24)
FNDA:0,(anonymous_25)
FNDA:0,(anonymous_26)
FNDA:0,(anonymous_27)
FNDA:0,(anonymous_28)
FNDA:17,(anonymous_29)
FNDA:42,(anonymous_30)
FNDA:11,(anonymous_31)
FNDA:34,(anonymous_32)
FNDA:34,(anonymous_33)
FNDA:2,(anonymous_34)
FNDA:0,(anonymous_35)
FNDA:0,(anonymous_36)
FNDA:4,(anonymous_37)
FNDA:1,(anonymous_38)
FNDA:0,(anonymous_39)
FNDA:0,(anonymous_40)
FNDA:0,(anonymous_41)
FNDA:0,(anonymous_42)
FNDA:0,(anonymous_43)
FNDA:0,(anonymous_44)
FNDA:0,(anonymous_45)
FNDA:0,(anonymous_46)
FNDA:0,(anonymous_47)
FNDA:0,(anonymous_48)
FNDA:0,(anonymous_49)
FNDA:0,(anonymous_50)
FNDA:0,(anonymous_51)
FNDA:4,(anonymous_52)
FNDA:0,(anonymous_53)
FNDA:0,(anonymous_54)
FNDA:0,(anonymous_55)
FNDA:0,(anonymous_56)
FNDA:0,(anonymous_57)
FNDA:0,(anonymous_58)
FNDA:7,(anonymous_59)
FNDA:15,_recurse
FNDA:8,(anonymous_61)
FNDA:0,(anonymous_62)
FNDA:0,(anonymous_63)
FNDA:0,(anonymous_64)
DA:18,34
DA:19,34
DA:20,34
DA:21,34
DA:22,34
DA:23,34
DA:24,34
DA:25,34
DA:26,34
DA:27,34
DA:28,34
DA:29,34
DA:31,34
DA:32,34
DA:33,34
DA:35,34
DA:72,34
DA:74,5
DA:75,4
DA:84,5
DA:85,4
DA:91,4
DA:92,0
DA:95,4
DA:100,40
DA:110,5
DA:111,4
DA:114,5
DA:115,34
DA:116,34
DA:117,34
DA:118,34
DA:119,34
DA:120,34
DA:121,34
DA:122,34
DA:123,34
DA:124,34
DA:125,34
DA:126,34
DA:127,34
DA:129,34
DA:132,34
DA:133,0
DA:136,34
DA:139,34
DA:141,34
DA:143,0
DA:144,0
DA:145,0
DA:147,0
DA:149,0
DA:153,34
DA:156,34
DA:157,4
DA:159,4
DA:160,4
DA:161,4
DA:164,4
DA:168,0
DA:171,4
DA:174,34
DA:175,0
DA:177,0
DA:178,0
DA:179,0
DA:180,0
DA:183,0
DA:184,0
DA:186,0
DA:191,0
DA:194,0
DA:205,34
DA:206,27
DA:207,27
DA:209,27
DA:210,0
DA:214,0
DA:216,27
DA:220,27
DA:222,27
DA:232,27
DA:233,27
DA:234,27
DA:236,0
DA:240,27
DA:241,0
DA:242,0
DA:245,0
DA:246,0
DA:248,0
DA:251,27
DA:252,27
DA:254,27
DA:255,27
DA:257,27
DA:264,27
DA:265,27
DA:268,34
DA:269,9
DA:271,9
DA:274,9
DA:283,9
DA:284,9
DA:285,9
DA:286,9
DA:288,9
DA:291,9
DA:292,9
DA:294,9
DA:299,9
DA:304,34
DA:305,0
DA:306,0
DA:307,0
DA:310,0
DA:311,0
DA:315,0
DA:316,0
DA:318,0
DA:322,0
DA:325,0
DA:327,0
DA:330,34
DA:331,268
DA:334,268
DA:336,11
DA:342,268
DA:345,34
DA:346,74
DA:347,74
DA:348,74
DA:350,74
DA:351,15
DA:352,15
DA:353,59
DA:354,5
DA:355,5
DA:357,54
DA:362,54
DA:365,19
DA:366,17
DA:367,1
DA:374,16
DA:375,16
DA:376,16
DA:377,12
DA:378,4
DA:379,0
DA:381,16
DA:385,51
DA:386,39
DA:387,39
DA:388,34
DA:392,51
DA:393,51
DA:394,51
DA:395,10
DA:400,71
DA:403,34
DA:404,0
DA:421,34
DA:422,79
DA:423,11
DA:429,68
DA:431,35
DA:433,35
DA:434,35
DA:438,35
DA:440,13
DA:443,22
DA:444,25
DA:445,25
DA:447,21
DA:451,1
DA:455,0
DA:456,0
DA:457,0
DA:458,0
DA:459,0
DA:466,0
DA:467,0
DA:468,0
DA:469,0
DA:471,0
DA:476,33
DA:477,33
DA:478,9
DA:483,24
DA:487,34
DA:489,9
DA:490,9
DA:491,9
DA:492,0
DA:493,0
DA:494,0
DA:497,9
DA:498,9
DA:500,9
DA:504,18
DA:513,2
DA:517,2
DA:518,2
DA:519,2
DA:521,2
DA:522,0
DA:527,2
DA:528,2
DA:529,2
DA:534,0
DA:535,0
DA:536,0
DA:537,0
DA:540,0
DA:541,0
DA:547,0
DA:564,34
DA:565,11
DA:566,11
DA:567,4
DA:568,7
DA:569,3
DA:570,4
DA:574,2
DA:575,0
DA:576,2
DA:577,0
DA:579,0
DA:581,0
DA:582,0
DA:598,0
DA:599,0
DA:601,0
DA:603,0
DA:605,0
DA:606,0
DA:607,0
DA:608,0
DA:609,0
DA:612,0
DA:614,2
DA:616,2
DA:620,34
DA:621,27
DA:626,27
DA:627,0
DA:628,0
DA:629,0
DA:631,0
DA:633,27
DA:637,27
DA:641,27
DA:646,27
DA:653,34
DA:654,0
DA:655,0
DA:661,0
DA:662,0
DA:663,0
DA:666,0
DA:669,34
DA:670,0
DA:671,0
DA:677,0
DA:692,34
DA:693,0
DA:694,0
DA:695,0
DA:698,0
DA:700,0
DA:705,0
DA:716,34
DA:717,0
DA:718,0
DA:719,0
DA:720,0
DA:721,0
DA:722,0
DA:723,0
DA:725,0
DA:728,0
DA:729,0
DA:730,0
DA:731,0
DA:732,0
DA:734,0
DA:739,0
DA:740,0
DA:751,34
DA:752,17
DA:754,16
DA:755,0
DA:759,16
DA:760,16
DA:761,16
DA:762,4
DA:764,12
DA:782,12
DA:783,12
DA:784,12
DA:785,12
DA:786,2
DA:787,2
DA:791,16
DA:792,3
DA:795,13
DA:796,5
DA:800,5
DA:801,5
DA:804,8
DA:810,13
DA:824,34
DA:826,42
DA:827,42
DA:846,40
DA:847,40
DA:848,40
DA:849,40
DA:850,40
DA:854,1
DA:857,40
DA:858,39
DA:861,40
DA:862,3
DA:865,37
DA:866,0
DA:872,37
DA:873,37
DA:874,11
DA:877,37
DA:878,24
DA:880,37
DA:884,25
DA:889,25
DA:890,23
DA:894,25
DA:895,3
DA:900,22
DA:904,37
DA:917,34
DA:918,11
DA:919,2
DA:921,9
DA:932,34
DA:933,34
DA:934,34
DA:935,34
DA:937,34
DA:940,2
DA:941,2
DA:945,0
DA:946,0
DA:950,0
DA:954,4
DA:955,4
DA:956,4
DA:960,1
DA:967,0
DA:971,0
DA:972,0
DA:973,0
DA:977,0
DA:978,0
DA:979,0
DA:980,0
DA:982,0
DA:986,0
DA:987,0
DA:990,0
DA:992,0
DA:996,0
DA:1000,0
DA:1004,0
DA:1008,0
DA:1009,0
DA:1010,0
DA:1011,0
DA:1015,0
DA:1019,0
DA:1026,34
DA:1028,34
DA:1034,0
DA:1038,0
DA:1047,0
DA:1052,0
DA:1059,0
DA:1060,0
DA:1066,4
DA:1069,0
DA:1073,0
DA:1077,0
DA:1081,0
DA:1085,0
DA:1089,0
DA:1093,0
DA:1097,0
DA:1103,0
DA:1107,0
DA:1111,0
DA:1115,0
DA:1120,7
DA:1122,7
DA:1123,5
DA:1124,15
DA:1125,15
DA:1126,6
DA:1128,9
DA:1129,9
DA:1133,8
DA:1138,7
DA:1142,0
DA:1149,0
DA:1161,0
DA:1169,4
DA:1174,34
LF:415
LH:257
BRDA:86,1,0,0
BRDA:86,1,1,4
BRDA:91,2,0,0
BRDA:91,2,1,4
BRDA:97,3,0,4
BRDA:97,3,1,0
BRDA:105,4,0,4
BRDA:105,4,1,4
BRDA:129,5,0,34
BRDA:129,5,1,0
BRDA:132,6,0,0
BRDA:132,6,1,34
BRDA:139,7,0,34
BRDA:139,7,1,0
BRDA:139,8,0,34
BRDA:139,8,1,0
BRDA:144,9,0,0
BRDA:144,9,1,0
BRDA:157,10,0,4
BRDA:157,10,1,4
BRDA:175,11,0,0
BRDA:175,11,1,0
BRDA:183,12,0,0
BRDA:183,12,1,0
BRDA:209,13,0,0
BRDA:209,13,1,27
BRDA:234,14,0,0
BRDA:234,14,1,27
BRDA:234,15,0,27
BRDA:234,15,1,0
BRDA:234,15,2,0
BRDA:234,15,3,0
BRDA:240,16,0,0
BRDA:240,16,1,27
BRDA:241,17,0,0
BRDA:241,17,1,0
BRDA:271,18,0,9
BRDA:271,18,1,0
BRDA:310,19,0,0
BRDA:310,19,1,0
BRDA:312,20,0,0
BRDA:312,20,1,0
BRDA:334,21,0,11
BRDA:334,21,1,257
BRDA:334,22,0,268
BRDA:334,22,1,133
BRDA:334,22,2,41
BRDA:334,22,3,13
BRDA:350,23,0,15
BRDA:350,23,1,59
BRDA:353,24,0,5
BRDA:353,24,1,54
BRDA:362,25,0,19
BRDA:362,25,1,35
BRDA:362,26,0,54
BRDA:362,26,1,37
BRDA:362,26,2,3
BRDA:366,27,0,1
BRDA:366,27,1,16
BRDA:375,28,0,16
BRDA:375,28,1,0
BRDA:376,29,0,12
BRDA:376,29,1,4
BRDA:378,30,0,0
BRDA:378,30,1,4
BRDA:385,31,0,39
BRDA:385,31,1,12
BRDA:387,32,0,34
BRDA:387,32,1,5
BRDA:392,33,0,51
BRDA:392,33,1,0
BRDA:394,34,0,10
BRDA:394,34,1,41
BRDA:422,35,0,11
BRDA:422,35,1,68
BRDA:429,36,0,35
BRDA:429,36,1,33
BRDA:438,37,0,13
BRDA:438,37,1,22
BRDA:438,38,0,35
BRDA:438,38,1,13
BRDA:445,39,0,21
BRDA:445,39,1,4
BRDA:445,40,0,25
BRDA:445,40,1,21
BRDA:451,41,0,0
BRDA:451,41,1,1
BRDA:451,42,0,1
BRDA:451,42,1,0
BRDA:456,43,0,0
BRDA:456,43,1,0
BRDA:458,44,0,0
BRDA:458,44,1,0
BRDA:469,45,0,0
BRDA:469,45,1,0
BRDA:469,46,0,0
BRDA:469,46,1,0
BRDA:477,47,0,9
BRDA:477,47,1,24
BRDA:491,48,0,0
BRDA:491,48,1,9
BRDA:517,49,0,2
BRDA:517,49,1,0
BRDA:528,50,0,2
BRDA:528,50,1,0
BRDA:536,51,0,0
BRDA:536,51,1,0
BRDA:540,52,0,0
BRDA:540,52,1,0
BRDA:542,53,0,0
BRDA:542,53,1,0
BRDA:566,54,0,4
BRDA:566,54,1,7
BRDA:568,55,0,3
BRDA:568,55,1,4
BRDA:570,56,0,2
BRDA:570,56,1,2
BRDA:574,57,0,0
BRDA:574,57,1,2
BRDA:576,58,0,0
BRDA:576,58,1,2
BRDA:598,59,0,0
BRDA:598,59,1,0
BRDA:608,60,0,0
BRDA:608,60,1,0
BRDA:628,61,0,0
BRDA:628,61,1,0
BRDA:654,62,0,0
BRDA:654,62,1,0
BRDA:670,63,0,0
BRDA:670,63,1,0
BRDA:678,64,0,0
BRDA:678,64,1,0
BRDA:694,65,0,0
BRDA:694,65,1,0
BRDA:698,66,0,0
BRDA:698,66,1,0
BRDA:698,67,0,0
BRDA:698,67,1,0
BRDA:717,68,0,0
BRDA:717,68,1,0
BRDA:723,69,0,0
BRDA:723,69,1,0
BRDA:723,70,0,0
BRDA:723,70,1,0
BRDA:731,71,0,0
BRDA:731,71,1,0
BRDA:740,72,0,0
BRDA:740,72,1,0
BRDA:754,73,0,0
BRDA:754,73,1,16
BRDA:761,74,0,4
BRDA:761,74,1,12
BRDA:785,75,0,2
BRDA:785,75,1,10
BRDA:791,76,0,3
BRDA:791,76,1,13
BRDA:795,77,0,5
BRDA:795,77,1,8
BRDA:850,78,0,1
BRDA:850,78,1,39
BRDA:850,79,0,40
BRDA:850,79,1,24
BRDA:850,79,2,1
BRDA:850,79,3,1
BRDA:857,80,0,39
BRDA:857,80,1,1
BRDA:861,81,0,3
BRDA:861,81,1,37
BRDA:865,82,0,0
BRDA:865,82,1,37
BRDA:873,83,0,11
BRDA:873,83,1,26
BRDA:873,84,0,37
BRDA:873,84,1,37
BRDA:877,85,0,24
BRDA:877,85,1,13
BRDA:877,86,0,37
BRDA:877,86,1,26
BRDA:880,87,0,25
BRDA:880,87,1,12
BRDA:889,88,0,23
BRDA:889,88,1,2
BRDA:894,89,0,3
BRDA:894,89,1,22
BRDA:918,90,0,2
BRDA:918,90,1,9
BRDA:980,91,0,0
BRDA:980,91,1,0
BRDA:980,92,0,0
BRDA:980,92,1,0
BRDA:980,92,2,0
BRDA:982,93,0,0
BRDA:982,93,1,0
BRDA:986,94,0,0
BRDA:986,94,1,0
BRDA:1125,95,0,6
BRDA:1125,95,1,9
BRDA:1130,96,0,9
BRDA:1130,96,1,9
BRDA:1130,96,2,8
BRDA:1133,97,0,8
BRDA:1133,97,1,8
BRF:203
BRH:114
end_of_record
